0 info it worked if it ends with ok
1 verbose cli [ '/Users/RLMaltby/.nvm/versions/node/v4.2.4/bin/node',
1 verbose cli   '/Users/RLMaltby/.nvm/versions/node/v4.2.4/bin/npm',
1 verbose cli   'i' ]
2 info using npm@2.14.12
3 info using node@v4.2.4
4 verbose readDependencies loading dependencies from /Users/RLMaltby/code/picturealbum/package.json
5 verbose install where, deps [ '/Users/RLMaltby/code/picturealbum',
5 verbose install   [ 'body-parser',
5 verbose install     'bower',
5 verbose install     'cookie-parser',
5 verbose install     'debug',
5 verbose install     'express',
5 verbose install     'firebase',
5 verbose install     'jade',
5 verbose install     'jwt-simple',
5 verbose install     'mongoose',
5 verbose install     'morgan',
5 verbose install     'multer',
5 verbose install     'node-uuid',
5 verbose install     'serve-favicon' ] ]
6 verbose install where, peers [ '/Users/RLMaltby/code/picturealbum', [] ]
7 verbose installManyTop reading for lifecycle /Users/RLMaltby/code/picturealbum/package.json
8 info preinstall pictureAlbum@0.0.0
9 verbose installManyTop reading scoped package data from /Users/RLMaltby/code/picturealbum/node_modules/body-parser/package.json
10 verbose installManyTop reading scoped package data from /Users/RLMaltby/code/picturealbum/node_modules/bower/package.json
11 verbose installManyTop reading scoped package data from /Users/RLMaltby/code/picturealbum/node_modules/cookie-parser/package.json
12 verbose installManyTop reading scoped package data from /Users/RLMaltby/code/picturealbum/node_modules/debug/package.json
13 verbose installManyTop reading scoped package data from /Users/RLMaltby/code/picturealbum/node_modules/express/package.json
14 verbose installManyTop reading scoped package data from /Users/RLMaltby/code/picturealbum/node_modules/firebase/package.json
15 verbose installManyTop reading scoped package data from /Users/RLMaltby/code/picturealbum/node_modules/jade/package.json
16 verbose installManyTop reading scoped package data from /Users/RLMaltby/code/picturealbum/node_modules/jwt-simple/package.json
17 verbose installManyTop reading scoped package data from /Users/RLMaltby/code/picturealbum/node_modules/mongoose/package.json
18 verbose installManyTop reading scoped package data from /Users/RLMaltby/code/picturealbum/node_modules/morgan/package.json
19 verbose installManyTop reading scoped package data from /Users/RLMaltby/code/picturealbum/node_modules/multer/package.json
20 verbose installManyTop reading scoped package data from /Users/RLMaltby/code/picturealbum/node_modules/node-uuid/package.json
21 verbose installManyTop reading scoped package data from /Users/RLMaltby/code/picturealbum/node_modules/serve-favicon/package.json
22 info package.json firebase@2.4.0 No license field.
23 info package.json node-uuid@1.4.7 No license field.
24 verbose readDependencies loading dependencies from /Users/RLMaltby/code/picturealbum/package.json
25 verbose targetResolver reading package data from /Users/RLMaltby/code/picturealbum/node_modules/body-parser/package.json
26 verbose targetResolver reading package data from /Users/RLMaltby/code/picturealbum/node_modules/bower/package.json
27 verbose targetResolver reading package data from /Users/RLMaltby/code/picturealbum/node_modules/cookie-parser/package.json
28 verbose targetResolver reading package data from /Users/RLMaltby/code/picturealbum/node_modules/debug/package.json
29 verbose targetResolver reading package data from /Users/RLMaltby/code/picturealbum/node_modules/express/package.json
30 verbose targetResolver reading package data from /Users/RLMaltby/code/picturealbum/node_modules/firebase/package.json
31 verbose targetResolver reading package data from /Users/RLMaltby/code/picturealbum/node_modules/jade/package.json
32 verbose targetResolver reading package data from /Users/RLMaltby/code/picturealbum/node_modules/jwt-simple/package.json
33 verbose targetResolver reading package data from /Users/RLMaltby/code/picturealbum/node_modules/mongoose/package.json
34 verbose targetResolver reading package data from /Users/RLMaltby/code/picturealbum/node_modules/morgan/package.json
35 verbose targetResolver reading package data from /Users/RLMaltby/code/picturealbum/node_modules/multer/package.json
36 verbose targetResolver reading package data from /Users/RLMaltby/code/picturealbum/node_modules/node-uuid/package.json
37 verbose targetResolver reading package data from /Users/RLMaltby/code/picturealbum/node_modules/serve-favicon/package.json
38 verbose targetResolver reading package data from /Users/RLMaltby/code/picturealbum/node_modules/.bin/bower/package.json
39 verbose targetResolver reading package data from /Users/RLMaltby/code/picturealbum/node_modules/.bin/jade/package.json
40 verbose targetResolver reading package data from /Users/RLMaltby/code/picturealbum/node_modules/.bin/uuid/package.json
41 verbose already installed skipping firebase@^2.4.0 /Users/RLMaltby/code/picturealbum
42 verbose already installed skipping jade@~1.11.0 /Users/RLMaltby/code/picturealbum
43 verbose already installed skipping jwt-simple@^0.4.1 /Users/RLMaltby/code/picturealbum
44 verbose already installed skipping mongoose@^4.4.1 /Users/RLMaltby/code/picturealbum
45 verbose already installed skipping morgan@~1.6.1 /Users/RLMaltby/code/picturealbum
46 verbose already installed skipping multer@^1.1.0 /Users/RLMaltby/code/picturealbum
47 verbose already installed skipping node-uuid@^1.4.7 /Users/RLMaltby/code/picturealbum
48 verbose already installed skipping serve-favicon@~2.3.0 /Users/RLMaltby/code/picturealbum
49 verbose already installed skipping body-parser@~1.13.2 /Users/RLMaltby/code/picturealbum
50 verbose already installed skipping bower@^1.7.7 /Users/RLMaltby/code/picturealbum
51 verbose already installed skipping cookie-parser@~1.3.5 /Users/RLMaltby/code/picturealbum
52 verbose already installed skipping debug@~2.2.0 /Users/RLMaltby/code/picturealbum
53 verbose already installed skipping express@~4.13.1 /Users/RLMaltby/code/picturealbum
54 silly install resolved []
55 info build /Users/RLMaltby/code/picturealbum
56 info linkStuff pictureAlbum@0.0.0
57 silly linkStuff pictureAlbum@0.0.0 has /Users/RLMaltby/code as its parent node_modules
58 verbose linkBins pictureAlbum@0.0.0
59 verbose linkMans pictureAlbum@0.0.0
60 verbose rebuildBundles pictureAlbum@0.0.0
61 verbose rebuildBundles [ '.bin',
61 verbose rebuildBundles   'body-parser',
61 verbose rebuildBundles   'bower',
61 verbose rebuildBundles   'cookie-parser',
61 verbose rebuildBundles   'debug',
61 verbose rebuildBundles   'express',
61 verbose rebuildBundles   'firebase',
61 verbose rebuildBundles   'jade',
61 verbose rebuildBundles   'jwt-simple',
61 verbose rebuildBundles   'mongoose',
61 verbose rebuildBundles   'morgan',
61 verbose rebuildBundles   'multer',
61 verbose rebuildBundles   'node-uuid',
61 verbose rebuildBundles   'serve-favicon' ]
62 info install pictureAlbum@0.0.0
63 info postinstall pictureAlbum@0.0.0
64 verbose unsafe-perm in lifecycle true
65 info pictureAlbum@0.0.0 Failed to exec postinstall script
66 verbose stack Error: pictureAlbum@0.0.0 postinstall: `bower i`
66 verbose stack Exit status 1
66 verbose stack     at EventEmitter.<anonymous> (/Users/RLMaltby/.nvm/versions/node/v4.2.4/lib/node_modules/npm/lib/utils/lifecycle.js:214:16)
66 verbose stack     at emitTwo (events.js:87:13)
66 verbose stack     at EventEmitter.emit (events.js:172:7)
66 verbose stack     at ChildProcess.<anonymous> (/Users/RLMaltby/.nvm/versions/node/v4.2.4/lib/node_modules/npm/lib/utils/spawn.js:24:14)
66 verbose stack     at emitTwo (events.js:87:13)
66 verbose stack     at ChildProcess.emit (events.js:172:7)
66 verbose stack     at maybeClose (internal/child_process.js:818:16)
66 verbose stack     at Process.ChildProcess._handle.onexit (internal/child_process.js:211:5)
67 verbose pkgid pictureAlbum@0.0.0
68 verbose cwd /Users/RLMaltby/code/picturealbum
69 error Darwin 15.0.0
70 error argv "/Users/RLMaltby/.nvm/versions/node/v4.2.4/bin/node" "/Users/RLMaltby/.nvm/versions/node/v4.2.4/bin/npm" "i"
71 error node v4.2.4
72 error npm  v2.14.12
73 error code ELIFECYCLE
74 error pictureAlbum@0.0.0 postinstall: `bower i`
74 error Exit status 1
75 error Failed at the pictureAlbum@0.0.0 postinstall script 'bower i'.
75 error This is most likely a problem with the pictureAlbum package,
75 error not with npm itself.
75 error Tell the author that this fails on your system:
75 error     bower i
75 error You can get their info via:
75 error     npm owner ls pictureAlbum
75 error There is likely additional logging output above.
76 verbose exit [ 1, true ]
